<?xml version="1.0" encoding="UTF-8"?>
<!-- Generated by org.testng.reporters.JUnitReportReporter -->
<testsuite hostname="LAPTOP-NO2S31L5" failures="0" tests="1" name="tests.FourTest" time="17.253" errors="0" timestamp="2021-10-19T06:30:30 IST" skipped="0">
  <testcase classname="tests.FourTest" name="testfour" time="17.253"/>
  <system-out/>
</testsuite> <!-- tests.FourTest -->
