<?xml version="1.0" encoding="UTF-8"?>
<!-- Generated by org.testng.reporters.JUnitReportReporter -->
<testsuite hostname="LAPTOP-NO2S31L5" failures="0" tests="1" name="runner.Runner" time="20.219" errors="0" timestamp="2021-10-19T06:31:08 IST" skipped="0">
  <testcase classname="runner.Runner" name="runScenario" time="20.219"/>
  <system-out/>
</testsuite> <!-- runner.Runner -->
