<?xml version="1.0" encoding="UTF-8"?>
<!-- Generated by org.testng.reporters.JUnitReportReporter -->
<testsuite hostname="LAPTOP-NO2S31L5" failures="0" tests="2" name="tests.Logintest" time="25.974" errors="0" timestamp="2021-10-19T06:30:30 IST" skipped="0">
  <testcase classname="tests.Logintest" name="login" time="12.812"/>
  <system-out/>
  <testcase classname="tests.Logintest" name="login" time="13.162"/>
  <system-out/>
</testsuite> <!-- tests.Logintest -->
