<?xml version="1.0" encoding="UTF-8"?>
<!-- Generated by org.testng.reporters.JUnitReportReporter -->
<testsuite hostname="LAPTOP-NO2S31L5" failures="0" tests="1" name="tests.FourTest" time="0.016" errors="0" timestamp="2021-10-18T18:50:04 IST" skipped="0">
  <testcase classname="tests.FourTest" name="testfour" time="0.016"/>
  <system-out/>
</testsuite> <!-- tests.FourTest -->
