<?xml version="1.0" encoding="UTF-8"?>
<!-- Generated by org.testng.reporters.JUnitReportReporter -->
<testsuite hostname="LAPTOP-NO2S31L5" failures="0" tests="1" name="runner.Runner" time="21.939" errors="0" timestamp="2021-10-18T23:35:03 IST" skipped="0">
  <testcase classname="runner.Runner" name="runScenario" time="21.939"/>
  <system-out/>
</testsuite> <!-- runner.Runner -->
