<?xml version="1.0" encoding="UTF-8"?>
<!-- Generated by org.testng.reporters.JUnitReportReporter -->
<testsuite hostname="LAPTOP-NO2S31L5" failures="0" tests="1" name="tests.ThreeTest" time="0.000" errors="0" timestamp="2021-10-18T18:50:04 IST" skipped="0">
  <testcase classname="tests.ThreeTest" name="testthree" time="0.000"/>
  <system-out/>
</testsuite> <!-- tests.ThreeTest -->
