<?xml version="1.0" encoding="UTF-8"?>
<!-- Generated by org.testng.reporters.JUnitReportReporter -->
<testsuite hostname="LAPTOP-NO2S31L5" failures="0" tests="2" name="tests.Logintest" time="40.497" errors="0" timestamp="2021-10-18T18:50:04 IST" skipped="0">
  <testcase classname="tests.Logintest" name="login" time="22.957"/>
  <system-out/>
  <testcase classname="tests.Logintest" name="login" time="17.540"/>
  <system-out/>
</testsuite> <!-- tests.Logintest -->
